<?xml version="1.0" encoding="UTF-8"?>
<!-- Generated by org.testng.reporters.JUnitReportReporter -->
<testsuite hostname="LAPTOP-1IUE2TDC" failures="0" tests="1" name="com.comcast.crm.scm.AddManufactureAndRetailers" time="3.111" errors="0" timestamp="04 Jun 2024 05:49:54 GMT" skipped="0">
  <testcase classname="com.comcast.crm.scm.AddManufactureAndRetailers" name="addManufactureTest" time="3.111"/>
</testsuite> <!-- com.comcast.crm.scm.AddManufactureAndRetailers -->
