<?xml version="1.0" encoding="UTF-8"?>
<!-- Generated by org.testng.reporters.JUnitReportReporter -->
<testsuite hostname="LAPTOP-1IUE2TDC" failures="0" tests="3" name="com.comcast.crm.scm.addRetailerAndVerifyTestAndDelete" time="3.773" errors="0" timestamp="04 Jun 2024 05:25:09 GMT" skipped="0">
  <testcase classname="com.comcast.crm.scm.addRetailerAndVerifyTestAndDelete" name="verifyDeletedName" time="1.034"/>
  <testcase classname="com.comcast.crm.scm.addRetailerAndVerifyTestAndDelete" name="DeleteAddedRetailers" time="0.929"/>
  <testcase classname="com.comcast.crm.scm.addRetailerAndVerifyTestAndDelete" name="addRetailerTest" time="1.810"/>
</testsuite> <!-- com.comcast.crm.scm.addRetailerAndVerifyTestAndDelete -->
