<?xml version="1.0" encoding="UTF-8"?>
<!-- Generated by org.testng.reporters.JUnitReportReporter -->
<testsuite hostname="LAPTOP-1IUE2TDC" failures="0" tests="3" name="com.comcast.crm.scm.addProductsAndDeleteProductTest" time="4.480" errors="0" timestamp="04 Jun 2024 05:25:41 GMT" skipped="0">
  <testcase classname="com.comcast.crm.scm.addProductsAndDeleteProductTest" name="deleteProductList" time="1.063"/>
  <testcase classname="com.comcast.crm.scm.addProductsAndDeleteProductTest" name="verifyDeletedProductList" time="0.951"/>
  <testcase classname="com.comcast.crm.scm.addProductsAndDeleteProductTest" name="addProductsTest" time="2.466"/>
</testsuite> <!-- com.comcast.crm.scm.addProductsAndDeleteProductTest -->
