<?xml version="1.0" encoding="UTF-8"?>
<!-- Generated by org.testng.reporters.JUnitReportReporter -->
<testsuite hostname="LAPTOP-1IUE2TDC" failures="0" tests="2" name="com.comcast.crm.scm.addRetailerAndVerifyTest" time="13.653" errors="0" timestamp="04 Jun 2024 05:25:09 GMT" skipped="0">
  <testcase classname="com.comcast.crm.scm.addRetailerAndVerifyTest" name="addRetailerTest" time="2.811"/>
  <testcase classname="com.comcast.crm.scm.addRetailerAndVerifyTest" name="editAddedRetailers" time="10.842"/>
</testsuite> <!-- com.comcast.crm.scm.addRetailerAndVerifyTest -->
