<?xml version="1.0" encoding="UTF-8"?>
<!-- Generated by org.testng.reporters.JUnitReportReporter -->
<testsuite hostname="LAPTOP-1IUE2TDC" failures="0" tests="3" name="com.comcast.crm.scm.addProductsAndEditTest" time="3.940" errors="0" timestamp="04 Jun 2024 05:25:41 GMT" skipped="0">
  <testcase classname="com.comcast.crm.scm.addProductsAndEditTest" name="addProductsTest" time="1.677"/>
  <testcase classname="com.comcast.crm.scm.addProductsAndEditTest" name="updateProductList" time="1.448"/>
  <testcase classname="com.comcast.crm.scm.addProductsAndEditTest" name="verifyUpdatedProductList" time="0.815"/>
</testsuite> <!-- com.comcast.crm.scm.addProductsAndEditTest -->
